<?xml version="1.0" encoding="UTF-8"?>
<testng-results ignored="0" total="2" passed="2" failed="0" skipped="0">
  <reporter-output>
  </reporter-output>
  <suite started-at="2024-02-25T19:10:00 PST" name="Suite" finished-at="2024-02-25T19:10:12 PST" duration-ms="11434">
    <groups>
    </groups>
    <test started-at="2024-02-25T19:10:00 PST" name="Test" finished-at="2024-02-25T19:10:12 PST" duration-ms="11434">
      <class name="com.rs.testcases.HomePageTests">
        <test-method is-config="true" signature="setUp()[pri:0, instance:com.rs.testcases.HomePageTests@1b1473ab]" started-at="2024-02-25T19:10:00 PST" name="setUp" finished-at="2024-02-25T19:10:07 PST" duration-ms="6405" status="PASS">
          <reporter-output>
          </reporter-output>
        </test-method> <!-- setUp -->
        <test-method signature="testcase1()[pri:0, instance:com.rs.testcases.HomePageTests@1b1473ab]" started-at="2024-02-25T19:10:07 PST" name="testcase1" finished-at="2024-02-25T19:10:07 PST" duration-ms="9" status="PASS">
          <reporter-output>
          </reporter-output>
        </test-method> <!-- testcase1 -->
        <test-method is-config="true" signature="tearDown()[pri:0, instance:com.rs.testcases.HomePageTests@1b1473ab]" started-at="2024-02-25T19:10:07 PST" name="tearDown" finished-at="2024-02-25T19:10:07 PST" duration-ms="91" status="PASS">
          <reporter-output>
          </reporter-output>
        </test-method> <!-- tearDown -->
      </class> <!-- com.rs.testcases.HomePageTests -->
      <class name="com.rs.testcases.LoginPageTests">
        <test-method is-config="true" signature="setUp()[pri:0, instance:com.rs.testcases.LoginPageTests@1677d1]" started-at="2024-02-25T19:10:00 PST" name="setUp" finished-at="2024-02-25T19:10:11 PST" duration-ms="10468" status="PASS">
          <reporter-output>
          </reporter-output>
        </test-method> <!-- setUp -->
        <test-method signature="loginTest()[pri:0, instance:com.rs.testcases.LoginPageTests@1677d1]" started-at="2024-02-25T19:10:11 PST" name="loginTest" finished-at="2024-02-25T19:10:12 PST" duration-ms="861" status="PASS">
          <reporter-output>
          </reporter-output>
        </test-method> <!-- loginTest -->
        <test-method is-config="true" signature="tearDown()[pri:0, instance:com.rs.testcases.LoginPageTests@1677d1]" started-at="2024-02-25T19:10:12 PST" name="tearDown" finished-at="2024-02-25T19:10:12 PST" duration-ms="87" status="PASS">
          <reporter-output>
          </reporter-output>
        </test-method> <!-- tearDown -->
      </class> <!-- com.rs.testcases.LoginPageTests -->
    </test> <!-- Test -->
  </suite> <!-- Suite -->
</testng-results>
