<?xml version="1.0" encoding="UTF-8"?>
<!-- Generated by org.testng.reporters.JUnitXMLReporter -->
<testsuite ignored="0" hostname="Rashmis-Laptop.local" failures="0" tests="4" name="Test" time="22.577" errors="0" timestamp="2024-03-07T15:40:06 PST">
  <testcase classname="com.rs.testcases.LoginPageTests" name="loginlogouttest" time="3.738"/>
  <testcase classname="com.rs.testcases.LoginPageTests" name="loginlogouttest" time="3.921"/>
  <testcase classname="com.rs.testcases.LoginPageTests" name="newtest" time="4.06"/>
  <testcase classname="com.rs.testcases.LoginPageTests" name="newtest" time="3.534"/>
</testsuite> <!-- Test -->
